<?xml version="1.0" encoding="UTF-8"?>
<!-- Generated by org.testng.reporters.JUnitReportReporter -->
<testsuite hostname="MC0XTK4C" name="git_project.DragAndDrop" tests="1" failures="0" timestamp="24 Nov 2016 11:22:30 GMT" time="1.267" errors="0">
  <testcase name="drag_the_square" time="1.267" classname="git_project.DragAndDrop"/>
</testsuite> <!-- git_project.DragAndDrop -->
